[20:53:20] 401 - POST /api/v1/achievements
[20:55:19] 401 - POST /api/v1/auth/login
[20:55:37] 401 - POST /api/v1/auth/login
[20:58:03] 200 - POST /api/v1/auth/login
[20:59:49] 201 - POST /api/v1/achievements
[21:09:06] 200 - POST /api/v1/achievements/ca7dc407-a078-4b44-8e5d-2a8ad7ae1600/submit
[21:10:46] 201 - POST /api/v1/achievements
[21:10:49] 201 - POST /api/v1/achievements
[21:12:11] 200 - DELETE /api/v1/achievements/569df6fe-8397-42b4-861c-dd517d418822
[19:59:43] 401 - POST /api/v1/auth/login
[20:10:36] 401 - POST /api/v1/auth/login
[20:11:29] 401 - POST /api/v1/auth/login
[20:14:11] 401 - POST /api/v1/auth/login
[20:14:21] 401 - POST /api/v1/auth/login
[20:21:55] 401 - POST /api/v1/auth/login
[20:24:04] 401 - POST /api/v1/auth/login
[20:27:52] 200 - POST /api/v1/auth/login
[20:28:58] 200 - GET /api/v1/achievements/advisees
[20:34:48] 200 - POST /api/v1/achievements/ca7dc407-a078-4b44-8e5d-2a8ad7ae1600/verify
[20:38:12] 403 - POST /api/v1/achievements/71b707af-0dc2-4919-9277-ca55b349b732/submit
[20:39:33] 200 - POST /api/v1/auth/login
[20:39:47] 200 - POST /api/v1/achievements/71b707af-0dc2-4919-9277-ca55b349b732/submit
[20:40:40] 200 - POST /api/v1/auth/login
[20:41:30] 200 - POST /api/v1/achievements/71b707af-0dc2-4919-9277-ca55b349b732/reject
[20:16:25] 200 - POST /api/v1/auth/login
[20:18:18] 201 - POST /api/v1/admin/users
[20:18:56] 403 - GET /api/v1/admin/achievements
[20:19:10] 200 - GET /api/v1/admin/achievements
[21:21:33] 200 - POST /api/v1/auth/login
[21:21:56] 200 - GET /api/v1/reports/statistics
[16:16:14] 401 - POST /api/v1/auth/login
[16:18:50] 401 - POST /api/v1/auth/login
[16:19:48] 200 - POST /api/v1/auth/login
[16:20:49] 200 - POST /api/v1/auth/login
[16:30:00] 200 - POST /api/v1/auth/login
[16:30:20] 200 - POST /api/v1/auth/login
[16:44:31] 200 - POST /api/v1/auth/login
[16:44:44] 200 - POST /api/v1/auth/login
[16:45:37] 401 - POST /api/v1/auth/refresh
[16:46:02] 200 - POST /api/v1/auth/login
[16:50:40] 200 - POST /api/v1/auth/login
[16:50:48] 200 - POST /api/v1/auth/refresh
[17:25:40] 401 - POST /api/v1/auth/login
[17:26:28] 200 - POST /api/v1/auth/login
[17:27:50] 200 - POST /api/v1/auth/login
[17:27:59] 200 - POST /api/v1/auth/login
[17:36:00] 200 - POST /api/v1/auth/login
[17:36:17] 200 - POST /api/v1/auth/login
[17:36:43] 200 - POST /api/v1/auth/login
[17:37:28] 200 - POST /api/v1/auth/refresh
[18:19:33] 200 - POST /api/v1/auth/login
[18:19:49] 405 - POST /api/v1/auth/profile
[18:23:24] 401 - GET /api/v1/auth/profile
[18:23:33] 200 - GET /api/v1/auth/profile
[18:34:23] 200 - GET /api/v1/auth/profile
[18:49:11] 200 - GET /api/v1/auth/profile
[18:49:42] 200 - POST /api/v1/auth/login
[18:49:50] 200 - GET /api/v1/auth/profile
[18:51:56] 200 - POST /api/v1/auth/login
[18:52:03] 200 - POST /api/v1/auth/logout
[18:52:16] 200 - GET /api/v1/auth/profile
[18:52:18] 200 - GET /api/v1/auth/profile
[19:14:12] 403 - GET /api/v1/users
[19:14:31] 200 - POST /api/v1/auth/login
[19:14:44] 200 - GET /api/v1/users
[19:19:26] 200 - POST /api/v1/auth/login
[19:19:36] 200 - GET /api/v1/users
[19:26:11] 401 - GET /api/v1/users
[19:26:21] 200 - POST /api/v1/auth/login
[19:26:33] 200 - GET /api/v1/users
[19:27:36] 200 - GET /api/v1/users
[19:27:38] 200 - GET /api/v1/users
[19:27:53] 200 - GET /api/v1/users
[19:27:58] 200 - GET /api/v1/users
[19:28:04] 200 - GET /api/v1/auth/profile
[19:29:58] 200 - POST /api/v1/auth/login
[19:30:09] 200 - GET /api/v1/users
[19:30:15] 200 - GET /api/v1/auth/profile
[19:31:01] 401 - GET /api/v1/auth/profile
[19:39:28] 401 - GET /api/v1/auth/profile
[19:39:35] 200 - POST /api/v1/auth/login
[19:39:46] 200 - GET /api/v1/auth/profile
[19:40:18] 200 - GET /api/v1/users/11111111-1111-1111-1111-111111111111
[19:40:49] 200 - GET /api/v1/users/33333333-3333-3333-3333-333333333333
[19:49:05] 200 - POST /api/v1/auth/login
[19:49:13] 201 - POST /api/v1/users
[19:51:44] 401 - GET /api/v1/users/e7363ef1-ebf5-41a1-8004-96cefdc2eef0
[19:51:52] 200 - GET /api/v1/users/e7363ef1-ebf5-41a1-8004-96cefdc2eef0
[19:53:48] 200 - GET /api/v1/users/e7363ef1-ebf5-41a1-8004-96cefdc2eef0
[19:54:07] 200 - PUT /api/v1/users/e7363ef1-ebf5-41a1-8004-96cefdc2eef0
[19:54:31] 200 - PUT /api/v1/users/e7363ef1-ebf5-41a1-8004-96cefdc2eef0
[19:54:39] 200 - PUT /api/v1/users/e7363ef1-ebf5-41a1-8004-96cefdc2eef0
[20:14:40] 200 - PUT /api/v1/users/e7363ef1-ebf5-41a1-8004-96cefdc2eef0/role
[20:15:38] 401 - DELETE /api/v1/users/e7363ef1-ebf5-41a1-8004-96cefdc2eef0
[20:15:47] 200 - DELETE /api/v1/users/e7363ef1-ebf5-41a1-8004-96cefdc2eef0
[20:20:44] 403 - POST /api/v1/achievements
[20:42:32] 400 - POST /api/v1/achievements
[20:49:18] 500 - POST /api/v1/achievements
[20:51:56] 500 - POST /api/v1/achievements
[21:09:31] 201 - POST /api/v1/achievements
[21:17:23] 200 - POST /api/v1/auth/login
[21:22:01] 400 - POST /api/v1/achievements/8bd6505e-e75a-4699-ba51-1aaba127900a/attachments
[21:22:26] 500 - POST /api/v1/achievements/8bd6505e-e75a-4699-ba51-1aaba127900a/attachments
[21:26:04] 500 - POST /api/v1/achievements/8bd6505e-e75a-4699-ba51-1aaba127900a/attachments
[21:29:54] 500 - POST /api/v1/achievements/8bd6505e-e75a-4699-ba51-1aaba127900a/attachments
[21:35:16] 500 - POST /api/v1/achievements/8bd6505e-e75a-4699-ba51-1aaba127900a/attachments
[21:37:17] 201 - POST /api/v1/achievements
[21:37:45] 500 - POST /api/v1/achievements/6278b3ce-8863-410c-8556-043d197d094a/attachments
[21:45:29] 200 - POST /api/v1/auth/login
[21:45:43] 200 - DELETE /api/v1/achievements/6278b3ce-8863-410c-8556-043d197d094a
[21:46:11] 200 - DELETE /api/v1/achievements/8bd6505e-e75a-4699-ba51-1aaba127900a
[21:47:50] 201 - POST /api/v1/achievements
[21:48:15] 200 - POST /api/v1/achievements/9e6304d1-23ca-4f3b-852f-fad35520429b/attachments
[23:08:36] 200 - POST /api/v1/auth/login
[23:12:18] 201 - POST /api/v1/achievements
[23:12:53] 200 - PUT /api/v1/achievements/0d3296bd-ac69-4077-928b-4addc2ff4608
[23:18:10] 200 - PUT /api/v1/achievements/0d3296bd-ac69-4077-928b-4addc2ff4608
[23:19:34] 200 - GET /api/v1/achievements/0d3296bd-ac69-4077-928b-4addc2ff4608
[23:19:54] 200 - GET /api/v1/achievements/0d3296bd-ac69-4077-928b-4addc2ff4608
[23:19:59] 401 - GET /api/v1/achievements/0d3296bd-ac69-4077-928b-4addc2ff4608
[23:20:02] 200 - GET /api/v1/achievements/0d3296bd-ac69-4077-928b-4addc2ff4608
[23:21:33] 403 - GET /api/v1/achievements
[23:26:56] 200 - POST /api/v1/auth/login
[23:27:10] 200 - GET /api/v1/achievements
[23:27:29] 200 - POST /api/v1/auth/login
[23:27:41] 403 - GET /api/v1/achievements
[23:27:48] 200 - GET /api/v1/achievements
[23:27:52] 401 - GET /api/v1/achievements
[23:27:56] 200 - GET /api/v1/achievements
[23:28:42] 200 - GET /api/v1/achievements/0d3296bd-ac69-4077-928b-4addc2ff4608/history
[23:28:53] 200 - GET /api/v1/achievements/0d3296bd-ac69-4077-928b-4addc2ff4608/history
[23:30:14] 200 - POST /api/v1/achievements/0d3296bd-ac69-4077-928b-4addc2ff4608/submit
[23:31:14] 400 - DELETE /api/v1/achievements/6278b3ce-8863-410c-8556-043d197d094a
[23:32:29] 200 - DELETE /api/v1/achievements/9e6304d1-23ca-4f3b-852f-fad35520429b
[23:33:18] 404 - GET /api/v1/achievements/advisees
[23:33:23] 404 - GET /api/v1/achievements/advisees
[23:39:22] 200 - GET /api/v1/achievements/advisees
[23:43:51] 200 - POST /api/v1/achievements/0d3296bd-ac69-4077-928b-4addc2ff4608/verify
[23:46:27] 201 - POST /api/v1/achievements
[23:46:43] 200 - POST /api/v1/achievements/86a5518b-dda6-448b-be58-5483f5343264/submit
[23:47:18] 200 - POST /api/v1/achievements/86a5518b-dda6-448b-be58-5483f5343264/reject
[23:47:44] 200 - POST /api/v1/auth/login
[23:48:01] 200 - GET /api/v1/students
[23:48:29] 200 - GET /api/v1/students/55555555-5555-5555-5555-555555555555
[23:49:00] 200 - PUT /api/v1/students/55555555-5555-5555-5555-555555555555/advisor
[23:49:56] 401 - GET /api/v1/lecturers
[23:50:02] 200 - GET /api/v1/lecturers
[23:50:26] 200 - GET /api/v1/lecturers/44444444-4444-4444-4444-444444444444/advisees
[23:50:45] 200 - GET /api/v1/students/55555555-5555-5555-5555-555555555555/achievements
[23:51:03] 200 - GET /api/v1/reports/statistics
[23:51:20] 200 - GET /api/v1/reports/student/55555555-5555-5555-5555-555555555555
[00:09:20] 400 - POST /api/v1/achievements
[00:09:50] 201 - POST /api/v1/achievements
[00:15:05] 200 - POST /api/v1/achievements/ddad94c5-4023-4406-bf03-0ff2ef3ee78c/attachments
[00:19:19] 201 - POST /api/v1/achievements
[00:20:32] 200 - POST /api/v1/achievements/ba718a96-3546-4b52-af35-ed807bd34d50/attachments
[11:20:30] 401 - GET /api/v1/reports/statistics
[11:21:26] 200 - POST /api/v1/auth/login
[11:21:38] 200 - GET /api/v1/reports/statistics
[11:31:32] 404 - GET /
[11:31:32] 404 - GET /favicon.ico
[11:31:39] 404 - GET /swagger
[12:01:00] 302 - GET /
[12:01:00] 200 - GET index.html
[12:01:00] 200 - GET swagger-ui.css
[12:01:00] 200 - GET swagger-ui-bundle.js
[12:01:00] 200 - GET swagger-ui-standalone-preset.js
[12:01:01] 200 - GET doc.json
[12:01:01] 200 - GET favicon-32x32.png
[12:01:12] 301 - GET 
[12:01:12] 200 - GET index.html
[12:01:12] 200 - GET swagger-ui.css
[12:01:12] 200 - GET swagger-ui-bundle.js
[12:01:12] 200 - GET swagger-ui-standalone-preset.js
[12:01:13] 200 - GET doc.json
[12:01:38] 200 - GET index.html
[12:01:38] 200 - GET swagger-ui.css
[12:01:38] 200 - GET swagger-ui-bundle.js
[12:01:38] 200 - GET swagger-ui-standalone-preset.js
[12:01:38] 200 - GET doc.json
[12:01:38] 200 - GET favicon-32x32.png
[12:05:48] 302 - GET /
[12:05:48] 200 - GET index.html
[12:05:49] 200 - GET swagger-ui.css
[12:05:49] 200 - GET swagger-ui-bundle.js
[12:05:49] 200 - GET swagger-ui-standalone-preset.js
[12:05:49] 200 - GET doc.json
[12:10:57] 200 - GET index.html
[12:10:57] 200 - GET swagger-ui.css
[12:10:57] 200 - GET swagger-ui-standalone-preset.js
[12:10:57] 200 - GET swagger-ui-bundle.js
[12:10:58] 200 - GET doc.json
[12:10:58] 200 - GET favicon-32x32.png
[12:11:31] 200 - GET index.html
[12:11:31] 200 - GET swagger-ui.css
[12:11:31] 200 - GET swagger-ui-bundle.js
[12:11:31] 200 - GET swagger-ui-standalone-preset.js
[12:11:31] 200 - GET doc.json
[12:11:31] 200 - GET favicon-32x32.png
[12:11:38] 200 - GET index.html
[12:11:38] 200 - GET swagger-ui-standalone-preset.js
[12:11:38] 200 - GET swagger-ui-bundle.js
[12:11:38] 200 - GET swagger-ui.css
[12:11:38] 200 - GET doc.json
[12:11:38] 200 - GET favicon-32x32.png
[12:11:38] 200 - GET index.html
[12:11:38] 200 - GET swagger-ui.css
[12:11:38] 200 - GET swagger-ui-bundle.js
[12:11:38] 200 - GET swagger-ui-standalone-preset.js
[12:11:38] 200 - GET doc.json
[12:11:38] 200 - GET favicon-32x32.png
[12:11:38] 200 - GET index.html
[12:11:38] 200 - GET swagger-ui.css
[12:11:38] 200 - GET swagger-ui-bundle.js
[12:11:38] 200 - GET swagger-ui-standalone-preset.js
[12:11:38] 200 - GET doc.json
[12:11:38] 200 - GET favicon-32x32.png
[12:11:38] 200 - GET index.html
[12:11:38] 200 - GET swagger-ui.css
[12:11:38] 200 - GET swagger-ui-bundle.js
[12:11:38] 200 - GET swagger-ui-standalone-preset.js
[12:11:38] 200 - GET doc.json
[12:11:38] 200 - GET index.html
[12:11:38] 200 - GET swagger-ui.css
[12:11:39] 200 - GET swagger-ui-bundle.js
[12:11:39] 200 - GET swagger-ui-standalone-preset.js
[12:11:39] 200 - GET doc.json
[12:11:39] 200 - GET favicon-32x32.png
[12:11:39] 200 - GET index.html
[12:11:39] 200 - GET swagger-ui.css
[12:11:39] 200 - GET swagger-ui-bundle.js
[12:11:39] 200 - GET swagger-ui-standalone-preset.js
[12:11:39] 200 - GET index.html
[12:11:39] 200 - GET doc.json
[12:11:39] 200 - GET swagger-ui.css
[12:11:39] 200 - GET swagger-ui-bundle.js
[12:11:39] 200 - GET swagger-ui-standalone-preset.js
[12:11:39] 200 - GET favicon-32x32.png
[12:11:39] 200 - GET doc.json
[12:11:39] 200 - GET favicon-32x32.png
[12:17:28] 302 - GET /
[12:17:28] 200 - GET index.html
[12:17:28] 200 - GET swagger-ui.css
[12:17:28] 200 - GET swagger-ui-bundle.js
[12:17:28] 200 - GET swagger-ui-standalone-preset.js
[12:17:28] 200 - GET doc.json
[12:18:17] 200 - GET index.html
[12:18:17] 200 - GET swagger-ui.css
[12:18:17] 200 - GET swagger-ui-bundle.js
[12:18:17] 200 - GET swagger-ui-standalone-preset.js
[12:18:17] 200 - GET doc.json
[12:18:17] 200 - GET favicon-32x32.png
[12:35:13] 200 - GET index.html
[12:35:13] 200 - GET swagger-ui.css
[12:35:13] 200 - GET swagger-ui-bundle.js
[12:35:13] 200 - GET swagger-ui-standalone-preset.js
[12:35:13] 200 - GET doc.json
[12:35:13] 200 - GET favicon-32x32.png
[12:42:45] 200 - GET index.html
[12:42:45] 200 - GET swagger-ui.css
[12:42:45] 200 - GET swagger-ui-standalone-preset.js
[12:42:45] 200 - GET swagger-ui-bundle.js
[12:42:45] 200 - GET doc.json
[12:42:46] 200 - GET favicon-32x32.png
